Namespace(batch_size=32, dim_k=32, dropout=0.5, emb_dims=1024, epochs=250, exp_name='aneurisk_train', head=8, lr=0.01, mode='train', momentum=0.9, num_K=[32, 64], num_points=1024, scheduler='cos', seed=1, test_batch_size=16, use_cuda=False, use_gpus=True, use_norm=True, use_sgd=True)
Using GPU 0
The number of trainable parameters: 1.540239(M)
Namespace(batch_size=32, dim_k=32, dropout=0.5, emb_dims=1024, epochs=250, exp_name='aneurisk_train', head=8, lr=0.01, mode='train', momentum=0.9, num_K=[32, 64], num_points=1024, scheduler='cos', seed=1, test_batch_size=16, use_cuda=False, use_gpus=True, use_norm=True, use_sgd=True)
Using GPU 0
The number of trainable parameters: 1.540239(M)
Namespace(batch_size=32, dim_k=32, dropout=0.5, emb_dims=1024, epochs=250, exp_name='aneurisk_train', head=8, lr=0.01, mode='train', momentum=0.9, num_K=[32, 64], num_points=1024, scheduler='cos', seed=1, test_batch_size=16, use_cuda=False, use_gpus=True, use_norm=True, use_sgd=True)
Using GPU 0
The number of trainable parameters: 1.540239(M)
Namespace(batch_size=32, dim_k=32, dropout=0.5, emb_dims=1024, epochs=250, exp_name='aneurisk_train', head=8, lr=0.01, mode='train', momentum=0.9, num_K=[32, 64], num_points=1024, scheduler='cos', seed=1, test_batch_size=16, use_cuda=False, use_gpus=True, use_norm=True, use_sgd=True)
Using GPU 0
The number of trainable parameters: 1.540239(M)
Namespace(batch_size=32, dim_k=32, dropout=0.5, emb_dims=1024, epochs=250, exp_name='aneurisk_train', head=8, lr=0.01, mode='train', momentum=0.9, num_K=[32, 64], num_points=1024, scheduler='cos', seed=1, test_batch_size=16, use_cuda=False, use_gpus=True, use_norm=True, use_sgd=True)
Using GPU 0
The number of trainable parameters: 1.540239(M)
Namespace(batch_size=32, dim_k=32, dropout=0.5, emb_dims=1024, epochs=250, exp_name='aneurisk_train', head=8, lr=0.01, mode='train', momentum=0.9, num_K=[32, 64], num_points=1024, scheduler='cos', seed=1, test_batch_size=16, use_cuda=False, use_gpus=True, use_norm=True, use_sgd=True)
Using GPU 0
The number of trainable parameters: 1.540239(M)
Namespace(batch_size=32, dim_k=32, dropout=0.5, emb_dims=1024, epochs=250, exp_name='aneurisk_train', head=8, lr=0.01, mode='train', momentum=0.9, num_K=[32, 64], num_points=1024, scheduler='cos', seed=1, test_batch_size=16, use_cuda=False, use_gpus=True, use_norm=True, use_sgd=True)
Using GPU 0
The number of trainable parameters: 1.540239(M)
Namespace(batch_size=32, dim_k=32, dropout=0.5, emb_dims=1024, epochs=250, exp_name='aneurisk_train', head=8, lr=0.01, mode='train', momentum=0.9, num_K=[32, 64], num_points=1024, scheduler='cos', seed=1, test_batch_size=16, use_cuda=False, use_gpus=True, use_norm=True, use_sgd=True)
Using GPU 0
The number of trainable parameters: 1.540239(M)
Namespace(batch_size=32, dim_k=32, dropout=0.5, emb_dims=1024, epochs=250, exp_name='aneurisk_train', head=8, lr=0.01, mode='train', momentum=0.9, num_K=[32, 64], num_points=1024, scheduler='cos', seed=1, test_batch_size=16, use_cuda=False, use_gpus=True, use_norm=True, use_sgd=True)
Using GPU 0
The number of trainable parameters: 1.540239(M)
Namespace(batch_size=32, dim_k=32, dropout=0.5, emb_dims=1024, epochs=250, exp_name='aneurisk_train', head=8, lr=0.01, mode='train', momentum=0.9, num_K=[32, 64], num_points=1024, scheduler='cos', seed=1, test_batch_size=16, use_cuda=False, use_gpus=True, use_norm=True, use_sgd=True)
Using GPU 0
The number of trainable parameters: 1.540239(M)
[Train 0, loss: 1.436589, train acc: 0.500000, balanced train acc: 0.482437]
Namespace(batch_size=32, dim_k=32, dropout=0.5, emb_dims=1024, epochs=20, exp_name='aneurisk_train', head=8, lr=0.01, mode='train', momentum=0.9, num_K=[32, 64], num_points=1024, scheduler='cos', seed=1, test_batch_size=16, use_cuda=False, use_gpus=True, use_norm=True, use_sgd=True)
Using GPU 0
The number of trainable parameters: 1.540239(M)
[Train 0, loss: 1.436589, train acc: 0.500000, balanced train acc: 0.482437]
[Test 0, test acc: 0.611111, best V_acc: 0.812500, best A_acc: 0.300000, best F1: 0.363636]
[Train 1, loss: 3.091132, train acc: 0.605263, balanced train acc: 0.596416]
[Test 1, test acc: 0.444444, best V_acc: 0.812500, best A_acc: 0.400000, best F1: 0.363636]
[Train 2, loss: 4.267632, train acc: 0.500000, balanced train acc: 0.487455]
[Test 2, test acc: 0.388889, best V_acc: 0.812500, best A_acc: 1.000000, best F1: 0.560000]
[Train 3, loss: 5.946489, train acc: 0.460526, balanced train acc: 0.454122]
[Test 3, test acc: 0.555556, best V_acc: 0.875000, best A_acc: 1.000000, best F1: 0.560000]
[Train 4, loss: 3.279857, train acc: 0.539474, balanced train acc: 0.525806]
[Test 4, test acc: 0.611111, best V_acc: 0.875000, best A_acc: 1.000000, best F1: 0.560000]
[Train 5, loss: 3.417106, train acc: 0.539474, balanced train acc: 0.530824]
[Test 5, test acc: 0.555556, best V_acc: 0.875000, best A_acc: 1.000000, best F1: 0.560000]
[Train 6, loss: 2.540930, train acc: 0.605263, balanced train acc: 0.611470]
[Test 6, test acc: 0.388889, best V_acc: 0.875000, best A_acc: 1.000000, best F1: 0.560000]
[Train 7, loss: 2.626067, train acc: 0.578947, balanced train acc: 0.554122]
[Test 7, test acc: 0.444444, best V_acc: 0.875000, best A_acc: 1.000000, best F1: 0.583333]
[Train 8, loss: 2.753934, train acc: 0.460526, balanced train acc: 0.449104]
[Test 8, test acc: 0.666667, best V_acc: 1.000000, best A_acc: 1.000000, best F1: 0.583333]
[Train 9, loss: 2.507842, train acc: 0.447368, balanced train acc: 0.437993]
[Test 9, test acc: 0.611111, best V_acc: 1.000000, best A_acc: 1.000000, best F1: 0.583333]
[Train 10, loss: 2.118471, train acc: 0.565789, balanced train acc: 0.558065]
[Test 10, test acc: 0.388889, best V_acc: 1.000000, best A_acc: 1.000000, best F1: 0.583333]
[Train 11, loss: 2.067379, train acc: 0.434211, balanced train acc: 0.416846]
[Test 11, test acc: 0.388889, best V_acc: 1.000000, best A_acc: 1.000000, best F1: 0.583333]
[Train 12, loss: 1.873052, train acc: 0.486842, balanced train acc: 0.476344]
[Test 12, test acc: 0.388889, best V_acc: 1.000000, best A_acc: 1.000000, best F1: 0.583333]
[Train 13, loss: 1.921918, train acc: 0.513158, balanced train acc: 0.493548]
[Test 13, test acc: 0.333333, best V_acc: 1.000000, best A_acc: 1.000000, best F1: 0.583333]
[Train 14, loss: 1.328949, train acc: 0.552632, balanced train acc: 0.546953]
[Test 14, test acc: 0.388889, best V_acc: 1.000000, best A_acc: 1.000000, best F1: 0.583333]
[Train 15, loss: 1.548466, train acc: 0.473684, balanced train acc: 0.450179]
[Test 15, test acc: 0.388889, best V_acc: 1.000000, best A_acc: 1.000000, best F1: 0.583333]
[Train 16, loss: 1.556867, train acc: 0.500000, balanced train acc: 0.492473]
[Test 16, test acc: 0.444444, best V_acc: 1.000000, best A_acc: 1.000000, best F1: 0.583333]
[Train 17, loss: 1.247424, train acc: 0.473684, balanced train acc: 0.450179]
[Test 17, test acc: 0.388889, best V_acc: 1.000000, best A_acc: 1.000000, best F1: 0.583333]
[Train 18, loss: 1.455774, train acc: 0.513158, balanced train acc: 0.498566]
[Test 18, test acc: 0.333333, best V_acc: 1.000000, best A_acc: 1.000000, best F1: 0.583333]
[Train 19, loss: 1.142063, train acc: 0.565789, balanced train acc: 0.558065]
[Test 19, test acc: 0.388889, best V_acc: 1.000000, best A_acc: 1.000000, best F1: 0.583333]
Split 0 ------>> best f1 score: 0.583333, best_V_acc: 1.000000, best_A_acc: 1.000000
Namespace(batch_size=32, dim_k=32, dropout=0.5, emb_dims=1024, epochs=20, exp_name='aneurisk_train', head=8, lr=0.01, mode='test', momentum=0.9, num_K=[32, 64], num_points=1024, scheduler='cos', seed=1, test_batch_size=16, use_cuda=False, use_gpus=True, use_norm=True, use_sgd=True)
Using GPU 0
Namespace(batch_size=32, dim_k=32, dropout=0.5, emb_dims=1024, epochs=20, exp_name='aneurisk_train', head=8, lr=0.01, mode='test', momentum=0.9, num_K=[32, 64], num_points=1024, scheduler='cos', seed=1, test_batch_size=16, use_cuda=False, use_gpus=True, use_norm=True, use_sgd=True)
Using GPU 0
Final throughput: 112.744930
[Test: test acc: 0.388889, balanced test acc: 0.500000]
Split 0 ------>> Test: f1 score: 0.560000, V_acc: 0.000000, A_acc: 1.000000
Namespace(batch_size=32, dim_k=32, dropout=0.5, emb_dims=1024, epochs=50, exp_name='aneurisk_train', head=8, lr=0.01, mode='train', momentum=0.9, num_K=[32, 64], num_points=1024, scheduler='cos', seed=1, test_batch_size=16, use_cuda=False, use_gpus=True, use_norm=True, use_sgd=True)
Using GPU 0
The number of trainable parameters: 1.540239(M)
[Train 0, loss: 1.436589, train acc: 0.500000, balanced train acc: 0.482437]
[Test 0, test acc: 0.611111, best V_acc: 0.812500, best A_acc: 0.300000, best F1: 0.363636]
[Train 1, loss: 3.205660, train acc: 0.565789, balanced train acc: 0.553047]
[Test 1, test acc: 0.388889, best V_acc: 0.812500, best A_acc: 0.600000, best F1: 0.421053]
[Train 2, loss: 3.988190, train acc: 0.526316, balanced train acc: 0.514695]
[Test 2, test acc: 0.388889, best V_acc: 0.812500, best A_acc: 0.600000, best F1: 0.421053]
[Train 3, loss: 4.544627, train acc: 0.565789, balanced train acc: 0.558065]
[Test 3, test acc: 0.500000, best V_acc: 0.812500, best A_acc: 0.600000, best F1: 0.470588]
[Train 4, loss: 3.255910, train acc: 0.486842, balanced train acc: 0.476344]
[Test 4, test acc: 0.500000, best V_acc: 0.812500, best A_acc: 0.600000, best F1: 0.470588]
[Train 5, loss: 3.665667, train acc: 0.578947, balanced train acc: 0.569176]
[Test 5, test acc: 0.666667, best V_acc: 0.812500, best A_acc: 0.600000, best F1: 0.500000]
[Train 6, loss: 4.399213, train acc: 0.526316, balanced train acc: 0.519713]
[Test 6, test acc: 0.611111, best V_acc: 0.812500, best A_acc: 0.600000, best F1: 0.500000]
[Train 7, loss: 3.784904, train acc: 0.500000, balanced train acc: 0.492473]
[Test 7, test acc: 0.444444, best V_acc: 0.812500, best A_acc: 0.600000, best F1: 0.500000]
[Train 8, loss: 3.218606, train acc: 0.657895, balanced train acc: 0.645878]
[Test 8, test acc: 0.444444, best V_acc: 0.812500, best A_acc: 1.000000, best F1: 0.545455]
[Train 9, loss: 2.701251, train acc: 0.473684, balanced train acc: 0.460215]
[Test 9, test acc: 0.722222, best V_acc: 1.000000, best A_acc: 1.000000, best F1: 0.545455]
[Train 10, loss: 2.769879, train acc: 0.460526, balanced train acc: 0.454122]
[Test 10, test acc: 0.722222, best V_acc: 1.000000, best A_acc: 1.000000, best F1: 0.545455]
[Train 11, loss: 2.833255, train acc: 0.486842, balanced train acc: 0.471326]
[Test 11, test acc: 0.277778, best V_acc: 1.000000, best A_acc: 1.000000, best F1: 0.545455]
[Train 12, loss: 1.731432, train acc: 0.394737, balanced train acc: 0.393548]
[Test 12, test acc: 0.611111, best V_acc: 1.000000, best A_acc: 1.000000, best F1: 0.545455]
[Train 13, loss: 1.636917, train acc: 0.460526, balanced train acc: 0.444086]
[Test 13, test acc: 0.555556, best V_acc: 1.000000, best A_acc: 1.000000, best F1: 0.545455]
[Train 14, loss: 1.409204, train acc: 0.539474, balanced train acc: 0.530824]
[Test 14, test acc: 0.500000, best V_acc: 1.000000, best A_acc: 1.000000, best F1: 0.608696]
[Train 15, loss: 1.411854, train acc: 0.473684, balanced train acc: 0.465233]
[Test 15, test acc: 0.388889, best V_acc: 1.000000, best A_acc: 1.000000, best F1: 0.608696]
[Train 16, loss: 1.680705, train acc: 0.473684, balanced train acc: 0.450179]
[Test 16, test acc: 0.388889, best V_acc: 1.000000, best A_acc: 1.000000, best F1: 0.608696]
[Train 17, loss: 1.273269, train acc: 0.381579, balanced train acc: 0.372401]
[Test 17, test acc: 0.388889, best V_acc: 1.000000, best A_acc: 1.000000, best F1: 0.608696]
[Train 18, loss: 1.063161, train acc: 0.539474, balanced train acc: 0.530824]
[Test 18, test acc: 0.500000, best V_acc: 1.000000, best A_acc: 1.000000, best F1: 0.608696]
[Train 19, loss: 0.936983, train acc: 0.486842, balanced train acc: 0.481362]
[Test 19, test acc: 0.666667, best V_acc: 1.000000, best A_acc: 1.000000, best F1: 0.608696]
[Train 20, loss: 0.969112, train acc: 0.460526, balanced train acc: 0.434050]
[Test 20, test acc: 0.555556, best V_acc: 1.000000, best A_acc: 1.000000, best F1: 0.608696]
[Train 21, loss: 0.954640, train acc: 0.421053, balanced train acc: 0.415771]
[Test 21, test acc: 0.444444, best V_acc: 1.000000, best A_acc: 1.000000, best F1: 0.608696]
[Train 22, loss: 0.806772, train acc: 0.697368, balanced train acc: 0.684229]
[Test 22, test acc: 0.611111, best V_acc: 1.000000, best A_acc: 1.000000, best F1: 0.608696]
[Train 23, loss: 0.824113, train acc: 0.513158, balanced train acc: 0.493548]
[Test 23, test acc: 0.388889, best V_acc: 1.000000, best A_acc: 1.000000, best F1: 0.608696]
[Train 24, loss: 0.826624, train acc: 0.552632, balanced train acc: 0.526882]
[Test 24, test acc: 0.444444, best V_acc: 1.000000, best A_acc: 1.000000, best F1: 0.608696]
[Train 25, loss: 0.923608, train acc: 0.355263, balanced train acc: 0.325090]
[Test 25, test acc: 0.333333, best V_acc: 1.000000, best A_acc: 1.000000, best F1: 0.608696]
[Train 26, loss: 0.849141, train acc: 0.421053, balanced train acc: 0.400717]
[Test 26, test acc: 0.388889, best V_acc: 1.000000, best A_acc: 1.000000, best F1: 0.608696]
[Train 27, loss: 0.743171, train acc: 0.552632, balanced train acc: 0.516846]
[Test 27, test acc: 0.555556, best V_acc: 1.000000, best A_acc: 1.000000, best F1: 0.608696]
[Train 28, loss: 0.749926, train acc: 0.513158, balanced train acc: 0.493548]
[Test 28, test acc: 0.611111, best V_acc: 1.000000, best A_acc: 1.000000, best F1: 0.608696]
[Train 29, loss: 0.719722, train acc: 0.618421, balanced train acc: 0.592473]
[Test 29, test acc: 0.555556, best V_acc: 1.000000, best A_acc: 1.000000, best F1: 0.608696]
[Train 30, loss: 0.747786, train acc: 0.447368, balanced train acc: 0.407885]
[Test 30, test acc: 0.611111, best V_acc: 1.000000, best A_acc: 1.000000, best F1: 0.608696]
[Train 31, loss: 0.750092, train acc: 0.486842, balanced train acc: 0.486380]
[Test 31, test acc: 0.500000, best V_acc: 1.000000, best A_acc: 1.000000, best F1: 0.608696]
[Train 32, loss: 0.750958, train acc: 0.500000, balanced train acc: 0.457348]
[Test 32, test acc: 0.666667, best V_acc: 1.000000, best A_acc: 1.000000, best F1: 0.608696]
[Train 33, loss: 0.730040, train acc: 0.513158, balanced train acc: 0.503584]
[Test 33, test acc: 0.500000, best V_acc: 1.000000, best A_acc: 1.000000, best F1: 0.608696]
[Train 34, loss: 0.722191, train acc: 0.513158, balanced train acc: 0.488530]
[Test 34, test acc: 0.500000, best V_acc: 1.000000, best A_acc: 1.000000, best F1: 0.608696]
[Train 35, loss: 0.719643, train acc: 0.578947, balanced train acc: 0.539068]
[Test 35, test acc: 0.555556, best V_acc: 1.000000, best A_acc: 1.000000, best F1: 0.608696]
[Train 36, loss: 0.708882, train acc: 0.526316, balanced train acc: 0.504659]
[Test 36, test acc: 0.500000, best V_acc: 1.000000, best A_acc: 1.000000, best F1: 0.608696]
[Train 37, loss: 0.743250, train acc: 0.539474, balanced train acc: 0.500717]
[Test 37, test acc: 0.611111, best V_acc: 1.000000, best A_acc: 1.000000, best F1: 0.608696]
[Train 38, loss: 0.731422, train acc: 0.500000, balanced train acc: 0.462366]
[Test 38, test acc: 0.500000, best V_acc: 1.000000, best A_acc: 1.000000, best F1: 0.608696]
[Train 39, loss: 0.740287, train acc: 0.473684, balanced train acc: 0.435125]
[Test 39, test acc: 0.555556, best V_acc: 1.000000, best A_acc: 1.000000, best F1: 0.608696]
[Train 40, loss: 0.694592, train acc: 0.618421, balanced train acc: 0.592473]
[Test 40, test acc: 0.500000, best V_acc: 1.000000, best A_acc: 1.000000, best F1: 0.608696]
[Train 41, loss: 0.726953, train acc: 0.460526, balanced train acc: 0.418996]
[Test 41, test acc: 0.500000, best V_acc: 1.000000, best A_acc: 1.000000, best F1: 0.608696]
[Train 42, loss: 0.732479, train acc: 0.552632, balanced train acc: 0.526882]
[Test 42, test acc: 0.500000, best V_acc: 1.000000, best A_acc: 1.000000, best F1: 0.608696]
[Train 43, loss: 0.739069, train acc: 0.394737, balanced train acc: 0.368459]
[Test 43, test acc: 0.500000, best V_acc: 1.000000, best A_acc: 1.000000, best F1: 0.608696]
[Train 44, loss: 0.697725, train acc: 0.578947, balanced train acc: 0.534050]
[Test 44, test acc: 0.500000, best V_acc: 1.000000, best A_acc: 1.000000, best F1: 0.608696]
[Train 45, loss: 0.712559, train acc: 0.565789, balanced train acc: 0.532975]
[Test 45, test acc: 0.500000, best V_acc: 1.000000, best A_acc: 1.000000, best F1: 0.608696]
[Train 46, loss: 0.704689, train acc: 0.513158, balanced train acc: 0.488530]
[Test 46, test acc: 0.555556, best V_acc: 1.000000, best A_acc: 1.000000, best F1: 0.608696]
[Train 47, loss: 0.705655, train acc: 0.526316, balanced train acc: 0.489606]
[Test 47, test acc: 0.555556, best V_acc: 1.000000, best A_acc: 1.000000, best F1: 0.608696]
[Train 48, loss: 0.726664, train acc: 0.460526, balanced train acc: 0.408961]
[Test 48, test acc: 0.555556, best V_acc: 1.000000, best A_acc: 1.000000, best F1: 0.608696]
[Train 49, loss: 0.716551, train acc: 0.565789, balanced train acc: 0.527957]
[Test 49, test acc: 0.555556, best V_acc: 1.000000, best A_acc: 1.000000, best F1: 0.608696]
Split 0 ------>> best f1 score: 0.608696, best_V_acc: 1.000000, best_A_acc: 1.000000
Namespace(batch_size=32, dim_k=32, dropout=0.5, emb_dims=1024, epochs=50, exp_name='aneurisk_train', head=8, lr=0.01, mode='test', momentum=0.9, num_K=[32, 64], num_points=1024, scheduler='cos', seed=1, test_batch_size=16, use_cuda=False, use_gpus=True, use_norm=True, use_sgd=True)
Using GPU 0
Final throughput: 120.898273
[Test: test acc: 0.333333, balanced test acc: 0.428571]
Split 0 ------>> Test: f1 score: 0.500000, V_acc: 0.000000, A_acc: 0.833333
Namespace(batch_size=32, dim_k=32, dropout=0.5, emb_dims=1024, epochs=50, exp_name='aneurisk_train', head=8, lr=0.01, mode='test', momentum=0.9, num_K=[32, 64], num_points=1024, scheduler='cos', seed=1, test_batch_size=16, use_cuda=False, use_gpus=True, use_norm=True, use_sgd=True)
Using GPU 0
Final throughput: 117.936265
[Test: test acc: 0.333333, balanced test acc: 0.428571]
Split 0 ------>> Test: f1 score: 0.500000, V_acc: 0.000000, A_acc: 0.833333
Namespace(batch_size=2, dim_k=32, dropout=0.5, emb_dims=1024, epochs=100, exp_name='aneurisk_train', head=8, lr=0.01, mode='test', momentum=0.9, num_K=[32, 64], num_points=1024, scheduler='cos', seed=1, test_batch_size=2, use_cuda=False, use_gpus=True, use_norm=True, use_sgd=True)
Using GPU 0
Namespace(batch_size=2, dim_k=32, dropout=0.5, emb_dims=1024, epochs=100, exp_name='aneurisk_train', head=8, lr=0.01, mode='train', momentum=0.9, num_K=[32, 64], num_points=1024, scheduler='cos', seed=1, test_batch_size=2, use_cuda=False, use_gpus=True, use_norm=True, use_sgd=True)
Using GPU 0
The number of trainable parameters: 1.540239(M)
[Train 0, loss: 1.436589, train acc: 0.500000, balanced train acc: 0.482437]
[Test 0, test acc: 0.611111, best V_acc: 0.812500, best A_acc: 0.300000, best F1: 0.363636]
[Train 1, loss: 3.342474, train acc: 0.539474, balanced train acc: 0.525806]
[Test 1, test acc: 0.666667, best V_acc: 1.000000, best A_acc: 0.300000, best F1: 0.363636]
[Train 2, loss: 4.147549, train acc: 0.434211, balanced train acc: 0.416846]
[Test 2, test acc: 0.388889, best V_acc: 1.000000, best A_acc: 0.300000, best F1: 0.363636]
[Train 3, loss: 6.816323, train acc: 0.394737, balanced train acc: 0.388530]
[Test 3, test acc: 0.611111, best V_acc: 1.000000, best A_acc: 0.300000, best F1: 0.363636]
[Train 4, loss: 3.602051, train acc: 0.526316, balanced train acc: 0.514695]
[Test 4, test acc: 0.611111, best V_acc: 1.000000, best A_acc: 0.300000, best F1: 0.363636]
[Train 5, loss: 3.113760, train acc: 0.460526, balanced train acc: 0.454122]
[Test 5, test acc: 0.500000, best V_acc: 1.000000, best A_acc: 0.600000, best F1: 0.470588]
[Train 6, loss: 3.562280, train acc: 0.500000, balanced train acc: 0.487455]
[Test 6, test acc: 0.555556, best V_acc: 1.000000, best A_acc: 0.600000, best F1: 0.470588]
[Train 7, loss: 3.817822, train acc: 0.407895, balanced train acc: 0.394624]
[Test 7, test acc: 0.611111, best V_acc: 1.000000, best A_acc: 0.600000, best F1: 0.470588]
[Train 8, loss: 2.555342, train acc: 0.526316, balanced train acc: 0.514695]
[Test 8, test acc: 0.555556, best V_acc: 1.000000, best A_acc: 0.800000, best F1: 0.555556]
[Train 9, loss: 2.668470, train acc: 0.618421, balanced train acc: 0.602509]
[Test 9, test acc: 0.333333, best V_acc: 1.000000, best A_acc: 1.000000, best F1: 0.555556]
[Train 10, loss: 3.235899, train acc: 0.460526, balanced train acc: 0.449104]
[Test 10, test acc: 0.444444, best V_acc: 1.000000, best A_acc: 1.000000, best F1: 0.555556]
[Train 11, loss: 1.890017, train acc: 0.486842, balanced train acc: 0.481362]
[Test 11, test acc: 0.555556, best V_acc: 1.000000, best A_acc: 1.000000, best F1: 0.555556]
[Train 12, loss: 1.699763, train acc: 0.526316, balanced train acc: 0.509677]
[Test 12, test acc: 0.555556, best V_acc: 1.000000, best A_acc: 1.000000, best F1: 0.555556]
[Train 13, loss: 1.416409, train acc: 0.539474, balanced train acc: 0.525806]
[Test 13, test acc: 0.388889, best V_acc: 1.000000, best A_acc: 1.000000, best F1: 0.555556]
[Train 14, loss: 1.260819, train acc: 0.513158, balanced train acc: 0.503584]
[Test 14, test acc: 0.388889, best V_acc: 1.000000, best A_acc: 1.000000, best F1: 0.560000]
[Train 15, loss: 1.357931, train acc: 0.526316, balanced train acc: 0.519713]
[Test 15, test acc: 0.388889, best V_acc: 1.000000, best A_acc: 1.000000, best F1: 0.560000]
[Train 16, loss: 1.104654, train acc: 0.486842, balanced train acc: 0.461290]
[Test 16, test acc: 0.388889, best V_acc: 1.000000, best A_acc: 1.000000, best F1: 0.560000]
[Train 17, loss: 1.048725, train acc: 0.394737, balanced train acc: 0.368459]
[Test 17, test acc: 0.500000, best V_acc: 1.000000, best A_acc: 1.000000, best F1: 0.608696]
[Train 18, loss: 1.200754, train acc: 0.394737, balanced train acc: 0.373477]
[Test 18, test acc: 0.388889, best V_acc: 1.000000, best A_acc: 1.000000, best F1: 0.608696]
[Train 19, loss: 0.808752, train acc: 0.552632, balanced train acc: 0.526882]
[Test 19, test acc: 0.500000, best V_acc: 1.000000, best A_acc: 1.000000, best F1: 0.608696]
[Train 20, loss: 0.873226, train acc: 0.513158, balanced train acc: 0.493548]
[Test 20, test acc: 0.277778, best V_acc: 1.000000, best A_acc: 1.000000, best F1: 0.608696]
[Train 21, loss: 0.851697, train acc: 0.486842, balanced train acc: 0.481362]
[Test 21, test acc: 0.388889, best V_acc: 1.000000, best A_acc: 1.000000, best F1: 0.608696]
[Train 22, loss: 0.789580, train acc: 0.618421, balanced train acc: 0.597491]
[Test 22, test acc: 0.555556, best V_acc: 1.000000, best A_acc: 1.000000, best F1: 0.608696]
[Train 23, loss: 0.757222, train acc: 0.513158, balanced train acc: 0.498566]
[Test 23, test acc: 0.388889, best V_acc: 1.000000, best A_acc: 1.000000, best F1: 0.608696]
[Train 24, loss: 0.810272, train acc: 0.486842, balanced train acc: 0.461290]
[Test 24, test acc: 0.333333, best V_acc: 1.000000, best A_acc: 1.000000, best F1: 0.608696]
[Train 25, loss: 0.784609, train acc: 0.565789, balanced train acc: 0.543011]
[Test 25, test acc: 0.333333, best V_acc: 1.000000, best A_acc: 1.000000, best F1: 0.608696]
[Train 26, loss: 0.787334, train acc: 0.526316, balanced train acc: 0.504659]
[Test 26, test acc: 0.388889, best V_acc: 1.000000, best A_acc: 1.000000, best F1: 0.608696]
[Train 27, loss: 0.727053, train acc: 0.539474, balanced train acc: 0.495699]
[Test 27, test acc: 0.611111, best V_acc: 1.000000, best A_acc: 1.000000, best F1: 0.608696]
[Train 28, loss: 0.782202, train acc: 0.447368, balanced train acc: 0.448029]
[Test 28, test acc: 0.388889, best V_acc: 1.000000, best A_acc: 1.000000, best F1: 0.608696]
[Train 29, loss: 0.756240, train acc: 0.539474, balanced train acc: 0.500717]
[Test 29, test acc: 0.500000, best V_acc: 1.000000, best A_acc: 1.000000, best F1: 0.608696]
[Train 30, loss: 0.758274, train acc: 0.486842, balanced train acc: 0.456272]
[Test 30, test acc: 0.388889, best V_acc: 1.000000, best A_acc: 1.000000, best F1: 0.608696]
[Train 31, loss: 0.746341, train acc: 0.500000, balanced train acc: 0.467384]
[Test 31, test acc: 0.277778, best V_acc: 1.000000, best A_acc: 1.000000, best F1: 0.608696]
[Train 32, loss: 0.737478, train acc: 0.552632, balanced train acc: 0.526882]
[Test 32, test acc: 0.388889, best V_acc: 1.000000, best A_acc: 1.000000, best F1: 0.608696]
[Train 33, loss: 0.739700, train acc: 0.473684, balanced train acc: 0.440143]
[Test 33, test acc: 0.277778, best V_acc: 1.000000, best A_acc: 1.000000, best F1: 0.608696]
[Train 34, loss: 0.711933, train acc: 0.539474, balanced train acc: 0.515771]
[Test 34, test acc: 0.444444, best V_acc: 1.000000, best A_acc: 1.000000, best F1: 0.608696]
[Train 35, loss: 0.735171, train acc: 0.486842, balanced train acc: 0.441219]
[Test 35, test acc: 0.611111, best V_acc: 1.000000, best A_acc: 1.000000, best F1: 0.608696]
[Train 36, loss: 0.728536, train acc: 0.486842, balanced train acc: 0.466308]
[Test 36, test acc: 0.388889, best V_acc: 1.000000, best A_acc: 1.000000, best F1: 0.608696]
[Train 37, loss: 0.727352, train acc: 0.460526, balanced train acc: 0.418996]
[Test 37, test acc: 0.444444, best V_acc: 1.000000, best A_acc: 1.000000, best F1: 0.608696]
[Train 38, loss: 0.700783, train acc: 0.592105, balanced train acc: 0.570251]
[Test 38, test acc: 0.388889, best V_acc: 1.000000, best A_acc: 1.000000, best F1: 0.608696]
[Train 39, loss: 0.728155, train acc: 0.486842, balanced train acc: 0.466308]
[Test 39, test acc: 0.333333, best V_acc: 1.000000, best A_acc: 1.000000, best F1: 0.608696]
[Train 40, loss: 0.720475, train acc: 0.552632, balanced train acc: 0.506810]
[Test 40, test acc: 0.388889, best V_acc: 1.000000, best A_acc: 1.000000, best F1: 0.608696]
[Train 41, loss: 0.697609, train acc: 0.578947, balanced train acc: 0.539068]
[Test 41, test acc: 0.388889, best V_acc: 1.000000, best A_acc: 1.000000, best F1: 0.608696]
[Train 42, loss: 0.715406, train acc: 0.539474, balanced train acc: 0.515771]
[Test 42, test acc: 0.444444, best V_acc: 1.000000, best A_acc: 1.000000, best F1: 0.608696]
[Train 43, loss: 0.728480, train acc: 0.500000, balanced train acc: 0.437276]
[Test 43, test acc: 0.444444, best V_acc: 1.000000, best A_acc: 1.000000, best F1: 0.608696]
[Train 44, loss: 0.732071, train acc: 0.513158, balanced train acc: 0.503584]
[Test 44, test acc: 0.388889, best V_acc: 1.000000, best A_acc: 1.000000, best F1: 0.608696]
[Train 45, loss: 0.719806, train acc: 0.500000, balanced train acc: 0.467384]
[Test 45, test acc: 0.388889, best V_acc: 1.000000, best A_acc: 1.000000, best F1: 0.608696]
[Train 46, loss: 0.693157, train acc: 0.565789, balanced train acc: 0.532975]
[Test 46, test acc: 0.333333, best V_acc: 1.000000, best A_acc: 1.000000, best F1: 0.608696]
[Train 47, loss: 0.695913, train acc: 0.552632, balanced train acc: 0.501792]
[Test 47, test acc: 0.388889, best V_acc: 1.000000, best A_acc: 1.000000, best F1: 0.608696]
[Train 48, loss: 0.717132, train acc: 0.513158, balanced train acc: 0.473477]
[Test 48, test acc: 0.388889, best V_acc: 1.000000, best A_acc: 1.000000, best F1: 0.608696]
[Train 49, loss: 0.706548, train acc: 0.552632, balanced train acc: 0.526882]
[Test 49, test acc: 0.388889, best V_acc: 1.000000, best A_acc: 1.000000, best F1: 0.608696]
[Train 50, loss: 0.709869, train acc: 0.513158, balanced train acc: 0.448387]
[Test 50, test acc: 0.388889, best V_acc: 1.000000, best A_acc: 1.000000, best F1: 0.608696]
[Train 51, loss: 0.706617, train acc: 0.486842, balanced train acc: 0.456272]
[Test 51, test acc: 0.388889, best V_acc: 1.000000, best A_acc: 1.000000, best F1: 0.608696]
[Train 52, loss: 0.705534, train acc: 0.447368, balanced train acc: 0.422939]
[Test 52, test acc: 0.333333, best V_acc: 1.000000, best A_acc: 1.000000, best F1: 0.608696]
[Train 53, loss: 0.694985, train acc: 0.605263, balanced train acc: 0.536201]
[Test 53, test acc: 0.333333, best V_acc: 1.000000, best A_acc: 1.000000, best F1: 0.608696]
[Train 54, loss: 0.687860, train acc: 0.565789, balanced train acc: 0.517921]
[Test 54, test acc: 0.388889, best V_acc: 1.000000, best A_acc: 1.000000, best F1: 0.608696]
[Train 55, loss: 0.684192, train acc: 0.618421, balanced train acc: 0.557348]
[Test 55, test acc: 0.277778, best V_acc: 1.000000, best A_acc: 1.000000, best F1: 0.608696]
[Train 56, loss: 0.691576, train acc: 0.539474, balanced train acc: 0.520789]
[Test 56, test acc: 0.333333, best V_acc: 1.000000, best A_acc: 1.000000, best F1: 0.608696]
[Train 57, loss: 0.701275, train acc: 0.565789, balanced train acc: 0.512903]
[Test 57, test acc: 0.388889, best V_acc: 1.000000, best A_acc: 1.000000, best F1: 0.608696]
[Train 58, loss: 0.700148, train acc: 0.486842, balanced train acc: 0.436201]
[Test 58, test acc: 0.333333, best V_acc: 1.000000, best A_acc: 1.000000, best F1: 0.608696]
[Train 59, loss: 0.698705, train acc: 0.605263, balanced train acc: 0.546237]
[Test 59, test acc: 0.444444, best V_acc: 1.000000, best A_acc: 1.000000, best F1: 0.608696]
[Train 60, loss: 0.679618, train acc: 0.552632, balanced train acc: 0.511828]
[Test 60, test acc: 0.444444, best V_acc: 1.000000, best A_acc: 1.000000, best F1: 0.608696]
[Train 61, loss: 0.708258, train acc: 0.539474, balanced train acc: 0.520789]
[Test 61, test acc: 0.333333, best V_acc: 1.000000, best A_acc: 1.000000, best F1: 0.608696]
[Train 62, loss: 0.677467, train acc: 0.605263, balanced train acc: 0.576344]
[Test 62, test acc: 0.388889, best V_acc: 1.000000, best A_acc: 1.000000, best F1: 0.608696]
[Train 63, loss: 0.707678, train acc: 0.526316, balanced train acc: 0.454480]
[Test 63, test acc: 0.388889, best V_acc: 1.000000, best A_acc: 1.000000, best F1: 0.608696]
[Train 64, loss: 0.714396, train acc: 0.473684, balanced train acc: 0.425090]
[Test 64, test acc: 0.388889, best V_acc: 1.000000, best A_acc: 1.000000, best F1: 0.608696]
[Train 65, loss: 0.692719, train acc: 0.592105, balanced train acc: 0.535125]
[Test 65, test acc: 0.388889, best V_acc: 1.000000, best A_acc: 1.000000, best F1: 0.608696]
[Train 66, loss: 0.699163, train acc: 0.513158, balanced train acc: 0.473477]
[Test 66, test acc: 0.333333, best V_acc: 1.000000, best A_acc: 1.000000, best F1: 0.608696]
[Train 67, loss: 0.694368, train acc: 0.592105, balanced train acc: 0.500000]
[Test 67, test acc: 0.333333, best V_acc: 1.000000, best A_acc: 1.000000, best F1: 0.608696]
[Train 68, loss: 0.668646, train acc: 0.684211, balanced train acc: 0.653047]
[Test 68, test acc: 0.333333, best V_acc: 1.000000, best A_acc: 1.000000, best F1: 0.608696]
[Train 69, loss: 0.708153, train acc: 0.565789, balanced train acc: 0.537993]
[Test 69, test acc: 0.333333, best V_acc: 1.000000, best A_acc: 1.000000, best F1: 0.608696]
[Train 70, loss: 0.674913, train acc: 0.644737, balanced train acc: 0.629749]
[Test 70, test acc: 0.444444, best V_acc: 1.000000, best A_acc: 1.000000, best F1: 0.608696]
[Train 71, loss: 0.692032, train acc: 0.592105, balanced train acc: 0.540143]
[Test 71, test acc: 0.388889, best V_acc: 1.000000, best A_acc: 1.000000, best F1: 0.608696]
[Train 72, loss: 0.676705, train acc: 0.618421, balanced train acc: 0.577419]
[Test 72, test acc: 0.388889, best V_acc: 1.000000, best A_acc: 1.000000, best F1: 0.608696]
[Train 73, loss: 0.685867, train acc: 0.565789, balanced train acc: 0.512903]
[Test 73, test acc: 0.388889, best V_acc: 1.000000, best A_acc: 1.000000, best F1: 0.608696]
[Train 74, loss: 0.678997, train acc: 0.697368, balanced train acc: 0.664158]
[Test 74, test acc: 0.444444, best V_acc: 1.000000, best A_acc: 1.000000, best F1: 0.608696]
[Train 75, loss: 0.702441, train acc: 0.500000, balanced train acc: 0.452330]
[Test 75, test acc: 0.388889, best V_acc: 1.000000, best A_acc: 1.000000, best F1: 0.608696]
[Train 76, loss: 0.683349, train acc: 0.618421, balanced train acc: 0.572401]
[Test 76, test acc: 0.388889, best V_acc: 1.000000, best A_acc: 1.000000, best F1: 0.608696]
[Train 77, loss: 0.699548, train acc: 0.539474, balanced train acc: 0.500717]
[Test 77, test acc: 0.444444, best V_acc: 1.000000, best A_acc: 1.000000, best F1: 0.608696]
[Train 78, loss: 0.683295, train acc: 0.592105, balanced train acc: 0.535125]
[Test 78, test acc: 0.388889, best V_acc: 1.000000, best A_acc: 1.000000, best F1: 0.608696]
[Train 79, loss: 0.682622, train acc: 0.605263, balanced train acc: 0.551254]
[Test 79, test acc: 0.388889, best V_acc: 1.000000, best A_acc: 1.000000, best F1: 0.608696]
[Train 80, loss: 0.692943, train acc: 0.526316, balanced train acc: 0.474552]
[Test 80, test acc: 0.333333, best V_acc: 1.000000, best A_acc: 1.000000, best F1: 0.608696]
[Train 81, loss: 0.708647, train acc: 0.539474, balanced train acc: 0.470609]
[Test 81, test acc: 0.388889, best V_acc: 1.000000, best A_acc: 1.000000, best F1: 0.608696]
[Train 82, loss: 0.691099, train acc: 0.565789, balanced train acc: 0.487814]
[Test 82, test acc: 0.333333, best V_acc: 1.000000, best A_acc: 1.000000, best F1: 0.608696]
[Train 83, loss: 0.684421, train acc: 0.526316, balanced train acc: 0.464516]
[Test 83, test acc: 0.388889, best V_acc: 1.000000, best A_acc: 1.000000, best F1: 0.608696]
[Train 84, loss: 0.688335, train acc: 0.578947, balanced train acc: 0.503943]
[Test 84, test acc: 0.388889, best V_acc: 1.000000, best A_acc: 1.000000, best F1: 0.608696]
[Train 85, loss: 0.684694, train acc: 0.605263, balanced train acc: 0.541219]
[Test 85, test acc: 0.388889, best V_acc: 1.000000, best A_acc: 1.000000, best F1: 0.608696]
[Train 86, loss: 0.686772, train acc: 0.552632, balanced train acc: 0.491756]
[Test 86, test acc: 0.333333, best V_acc: 1.000000, best A_acc: 1.000000, best F1: 0.608696]
[Train 87, loss: 0.679991, train acc: 0.578947, balanced train acc: 0.498925]
[Test 87, test acc: 0.388889, best V_acc: 1.000000, best A_acc: 1.000000, best F1: 0.608696]
[Train 88, loss: 0.685766, train acc: 0.552632, balanced train acc: 0.476703]
[Test 88, test acc: 0.333333, best V_acc: 1.000000, best A_acc: 1.000000, best F1: 0.608696]
[Train 89, loss: 0.694245, train acc: 0.565789, balanced train acc: 0.507885]
[Test 89, test acc: 0.388889, best V_acc: 1.000000, best A_acc: 1.000000, best F1: 0.608696]
[Train 90, loss: 0.696559, train acc: 0.552632, balanced train acc: 0.486738]
[Test 90, test acc: 0.333333, best V_acc: 1.000000, best A_acc: 1.000000, best F1: 0.608696]
[Train 91, loss: 0.694450, train acc: 0.565789, balanced train acc: 0.502867]
[Test 91, test acc: 0.388889, best V_acc: 1.000000, best A_acc: 1.000000, best F1: 0.608696]
[Train 92, loss: 0.691739, train acc: 0.539474, balanced train acc: 0.480645]
[Test 92, test acc: 0.388889, best V_acc: 1.000000, best A_acc: 1.000000, best F1: 0.608696]
[Train 93, loss: 0.695099, train acc: 0.552632, balanced train acc: 0.491756]
[Test 93, test acc: 0.388889, best V_acc: 1.000000, best A_acc: 1.000000, best F1: 0.608696]
[Train 94, loss: 0.677764, train acc: 0.631579, balanced train acc: 0.568459]
[Test 94, test acc: 0.388889, best V_acc: 1.000000, best A_acc: 1.000000, best F1: 0.608696]
[Train 95, loss: 0.678600, train acc: 0.565789, balanced train acc: 0.507885]
[Test 95, test acc: 0.388889, best V_acc: 1.000000, best A_acc: 1.000000, best F1: 0.608696]
[Train 96, loss: 0.697761, train acc: 0.500000, balanced train acc: 0.457348]
[Test 96, test acc: 0.388889, best V_acc: 1.000000, best A_acc: 1.000000, best F1: 0.608696]
[Train 97, loss: 0.687150, train acc: 0.592105, balanced train acc: 0.520072]
[Test 97, test acc: 0.333333, best V_acc: 1.000000, best A_acc: 1.000000, best F1: 0.608696]
[Train 98, loss: 0.688444, train acc: 0.565789, balanced train acc: 0.507885]
[Test 98, test acc: 0.388889, best V_acc: 1.000000, best A_acc: 1.000000, best F1: 0.608696]
[Train 99, loss: 0.697051, train acc: 0.539474, balanced train acc: 0.490681]
[Test 99, test acc: 0.333333, best V_acc: 1.000000, best A_acc: 1.000000, best F1: 0.608696]
Split 0 ------>> best f1 score: 0.608696, best_V_acc: 1.000000, best_A_acc: 1.000000
Namespace(batch_size=2, dim_k=32, dropout=0.5, emb_dims=1024, epochs=100, exp_name='aneurisk_train', head=8, lr=0.01, mode='test', momentum=0.9, num_K=[32, 64], num_points=1024, scheduler='cos', seed=1, test_batch_size=2, use_cuda=False, use_gpus=True, use_norm=True, use_sgd=True)
Using GPU 0
Final throughput: 15.005022
[Test: test acc: 0.500000, balanced test acc: 0.590909]
Split 0 ------>> Test: f1 score: 0.608696, V_acc: 0.125000, A_acc: 1.000000
